[5104] 27 May 17:42:59 # Warning: no config file specified, using the default config. In order to specify a config file use 'redis-server /path/to/redis.conf'
[5104] 27 May 17:42:59 * Server started, Redis version 2.2.8
[5104] 27 May 17:42:59 # WARNING overcommit_memory is set to 0! Background save may fail under low memory condition. To fix this issue add 'vm.overcommit_memory = 1' to /etc/sysctl.conf and then reboot or run the command 'sysctl vm.overcommit_memory=1' for this to take effect.
[5104] 27 May 17:42:59 * The server is now ready to accept connections on port 6379
[5104] 27 May 17:42:59 - 0 clients connected (0 slaves), 790480 bytes in use
[5104] 27 May 17:43:04 - 0 clients connected (0 slaves), 790480 bytes in use
[5104] 27 May 17:43:09 - 0 clients connected (0 slaves), 790480 bytes in use
[5104] 27 May 17:43:14 - 0 clients connected (0 slaves), 790480 bytes in use
[5104] 27 May 17:43:19 - 0 clients connected (0 slaves), 790480 bytes in use
[5104] 27 May 17:43:24 - 0 clients connected (0 slaves), 790480 bytes in use
[5104] 27 May 17:43:29 - 0 clients connected (0 slaves), 790480 bytes in use
[5104] 27 May 17:43:34 - 0 clients connected (0 slaves), 790480 bytes in use
[5104] 27 May 17:43:39 - 0 clients connected (0 slaves), 790480 bytes in use
[5104] 27 May 17:43:44 - 0 clients connected (0 slaves), 790480 bytes in use
[5104] 27 May 17:43:50 - 0 clients connected (0 slaves), 790480 bytes in use
[5104] 27 May 17:43:55 - 0 clients connected (0 slaves), 790480 bytes in use
[5104] 27 May 17:44:00 - 0 clients connected (0 slaves), 790480 bytes in use
[5104] 27 May 17:44:05 - 0 clients connected (0 slaves), 790480 bytes in use
[5104] 27 May 17:44:10 - 0 clients connected (0 slaves), 790480 bytes in use
[5104] 27 May 17:44:15 - 0 clients connected (0 slaves), 790480 bytes in use
[5104] 27 May 17:44:20 - 0 clients connected (0 slaves), 790480 bytes in use
[5104] 27 May 17:44:25 - 0 clients connected (0 slaves), 790480 bytes in use
[5104] 27 May 17:44:30 - 0 clients connected (0 slaves), 790480 bytes in use
[5104] 27 May 17:44:35 - 0 clients connected (0 slaves), 790480 bytes in use
[5104] 27 May 17:44:40 - 0 clients connected (0 slaves), 790480 bytes in use
[5104] 27 May 17:44:45 - 0 clients connected (0 slaves), 790480 bytes in use
[5104] 27 May 17:44:51 - 0 clients connected (0 slaves), 790480 bytes in use
[5104] 27 May 17:44:56 - 0 clients connected (0 slaves), 790480 bytes in use
[5104] 27 May 17:45:01 - 0 clients connected (0 slaves), 790480 bytes in use
[5104] 27 May 17:45:06 - 0 clients connected (0 slaves), 790480 bytes in use
[5104] 27 May 17:45:11 - 0 clients connected (0 slaves), 790480 bytes in use
[5104] 27 May 17:45:16 - 0 clients connected (0 slaves), 790480 bytes in use
[5104] 27 May 17:45:22 - 0 clients connected (0 slaves), 790480 bytes in use
[5104] 27 May 17:45:27 - 0 clients connected (0 slaves), 790480 bytes in use
[5104] 27 May 17:45:33 - 0 clients connected (0 slaves), 790480 bytes in use
[5104] 27 May 17:45:36 - Accepted 127.0.0.1:55918
[5104] 27 May 17:45:38 - 1 clients connected (0 slaves), 798928 bytes in use
[5104] 27 May 17:45:43 - 1 clients connected (0 slaves), 798928 bytes in use
[5104] 27 May 17:45:48 - 1 clients connected (0 slaves), 798928 bytes in use
[5104] 27 May 17:45:53 - 1 clients connected (0 slaves), 798928 bytes in use
[5104] 27 May 17:45:58 - 1 clients connected (0 slaves), 798928 bytes in use
[5104] 27 May 17:46:03 - 1 clients connected (0 slaves), 798928 bytes in use
[5104] 27 May 17:46:09 - 1 clients connected (0 slaves), 798928 bytes in use
[5104] 27 May 17:46:14 - 1 clients connected (0 slaves), 798928 bytes in use
[5104] 27 May 17:46:19 - 1 clients connected (0 slaves), 798928 bytes in use
[5104] 27 May 17:46:24 - 1 clients connected (0 slaves), 798928 bytes in use
[5104] 27 May 17:46:29 - 1 clients connected (0 slaves), 798928 bytes in use
[5104] 27 May 17:46:34 - 1 clients connected (0 slaves), 798928 bytes in use
[5104] 27 May 17:46:39 - 1 clients connected (0 slaves), 798928 bytes in use
[5104] 27 May 17:46:44 - 1 clients connected (0 slaves), 798928 bytes in use
[5104] 27 May 17:46:49 - 1 clients connected (0 slaves), 798928 bytes in use
[5104] 27 May 17:46:54 - 1 clients connected (0 slaves), 798928 bytes in use
[5104] 27 May 17:46:59 - 1 clients connected (0 slaves), 798928 bytes in use
[5104] 27 May 17:47:04 - 1 clients connected (0 slaves), 798928 bytes in use
[5104] 27 May 17:47:09 - 1 clients connected (0 slaves), 798928 bytes in use
[5104] 27 May 17:47:14 - 1 clients connected (0 slaves), 798928 bytes in use
[5104] 27 May 17:47:19 - 1 clients connected (0 slaves), 798928 bytes in use
[5104] 27 May 17:47:30 - 1 clients connected (0 slaves), 798928 bytes in use
[5104] 27 May 17:47:45 - 1 clients connected (0 slaves), 798928 bytes in use
[5104] 27 May 17:47:50 - 1 clients connected (0 slaves), 798928 bytes in use
[5104] 27 May 17:47:56 - 1 clients connected (0 slaves), 798928 bytes in use
[5104] 27 May 17:48:01 - 1 clients connected (0 slaves), 798928 bytes in use
[5104] 27 May 17:48:06 - 1 clients connected (0 slaves), 798928 bytes in use
[5104] 27 May 17:48:11 - 1 clients connected (0 slaves), 798928 bytes in use
[5104] 27 May 17:48:16 - 1 clients connected (0 slaves), 798928 bytes in use
[5104] 27 May 17:48:21 - 1 clients connected (0 slaves), 798928 bytes in use
[5104] 27 May 17:48:26 - 1 clients connected (0 slaves), 798928 bytes in use
[5104] 27 May 17:48:31 - 1 clients connected (0 slaves), 798928 bytes in use
[5104] 27 May 17:48:36 - 1 clients connected (0 slaves), 798928 bytes in use
[5104] 27 May 17:48:41 - 1 clients connected (0 slaves), 798928 bytes in use
[5104] 27 May 17:48:44 - Accepted 127.0.0.1:55920
[5104] 27 May 17:48:46 - 2 clients connected (0 slaves), 807688 bytes in use
[5104] 27 May 17:48:51 - 2 clients connected (0 slaves), 807688 bytes in use
[5104] 27 May 17:48:56 - 2 clients connected (0 slaves), 807688 bytes in use
[5104] 27 May 17:49:01 - 2 clients connected (0 slaves), 807688 bytes in use
[5104] 27 May 17:49:06 - 2 clients connected (0 slaves), 807688 bytes in use
[5104] 27 May 17:49:11 - 2 clients connected (0 slaves), 807688 bytes in use
[5104] 27 May 17:49:16 - 2 clients connected (0 slaves), 807688 bytes in use
[5104] 27 May 17:49:21 - 2 clients connected (0 slaves), 807688 bytes in use
[5104] 27 May 17:49:26 - 2 clients connected (0 slaves), 807688 bytes in use
[5104] 27 May 17:49:31 - 2 clients connected (0 slaves), 807688 bytes in use
[5104] 27 May 17:49:36 - 2 clients connected (0 slaves), 807688 bytes in use
[5104] 27 May 17:49:40 - Accepted 127.0.0.1:55926
[5104] 27 May 17:49:41 - 3 clients connected (0 slaves), 815784 bytes in use
[5104] 27 May 17:49:44 - Accepted 127.0.0.1:55930
[5104] 27 May 17:49:44 - Client closed connection
[5104] 27 May 17:49:46 - DB 0: 1 keys (0 volatile) in 4 slots HT.
[5104] 27 May 17:49:46 - 3 clients connected (0 slaves), 817424 bytes in use
[5104] 27 May 17:49:51 - DB 0: 1 keys (0 volatile) in 4 slots HT.
[5104] 27 May 17:49:51 - 3 clients connected (0 slaves), 817424 bytes in use
[5104] 27 May 17:49:56 - DB 0: 1 keys (0 volatile) in 4 slots HT.
[5104] 27 May 17:49:56 - 3 clients connected (0 slaves), 817424 bytes in use
[5104] 27 May 17:50:02 - DB 0: 1 keys (0 volatile) in 4 slots HT.
[5104] 27 May 17:50:02 - 3 clients connected (0 slaves), 817424 bytes in use
[5104] 27 May 17:50:07 - DB 0: 1 keys (0 volatile) in 4 slots HT.
[5104] 27 May 17:50:07 - 3 clients connected (0 slaves), 817424 bytes in use
[5104] 27 May 17:50:12 - DB 0: 1 keys (0 volatile) in 4 slots HT.
[5104] 27 May 17:50:12 - 3 clients connected (0 slaves), 817424 bytes in use
[5104] 27 May 17:50:17 - DB 0: 1 keys (0 volatile) in 4 slots HT.
[5104] 27 May 17:50:17 - 3 clients connected (0 slaves), 817424 bytes in use
[5104] 27 May 17:50:22 - DB 0: 1 keys (0 volatile) in 4 slots HT.
[5104] 27 May 17:50:22 - 3 clients connected (0 slaves), 817424 bytes in use
[5104] 27 May 17:50:27 - DB 0: 1 keys (0 volatile) in 4 slots HT.
[5104] 27 May 17:50:27 - 3 clients connected (0 slaves), 817424 bytes in use
[5104] 27 May 17:50:32 - DB 0: 1 keys (0 volatile) in 4 slots HT.
[5104] 27 May 17:50:32 - 3 clients connected (0 slaves), 817424 bytes in use
[5104] 27 May 17:50:37 - DB 0: 1 keys (0 volatile) in 4 slots HT.
[5104] 27 May 17:50:37 - 3 clients connected (0 slaves), 817424 bytes in use
[5104] 27 May 17:50:42 - DB 0: 1 keys (0 volatile) in 4 slots HT.
[5104] 27 May 17:50:42 - 3 clients connected (0 slaves), 817424 bytes in use
[5104] 27 May 17:50:47 - DB 0: 1 keys (0 volatile) in 4 slots HT.
[5104] 27 May 17:50:47 - 3 clients connected (0 slaves), 817424 bytes in use
[5104] 27 May 17:50:48 - Accepted 127.0.0.1:55934
[5104] 27 May 17:50:48 - Client closed connection
[5104] 27 May 17:50:52 - DB 0: 1 keys (0 volatile) in 4 slots HT.
[5104] 27 May 17:50:52 - 3 clients connected (0 slaves), 817928 bytes in use
[5104] 27 May 17:50:57 - DB 0: 1 keys (0 volatile) in 4 slots HT.
[5104] 27 May 17:50:57 - 3 clients connected (0 slaves), 817928 bytes in use
[5104] 27 May 17:51:02 - DB 0: 1 keys (0 volatile) in 4 slots HT.
[5104] 27 May 17:51:02 - 3 clients connected (0 slaves), 817928 bytes in use
[5104] 27 May 17:51:07 - DB 0: 1 keys (0 volatile) in 4 slots HT.
[5104] 27 May 17:51:07 - 3 clients connected (0 slaves), 817928 bytes in use
[5104] 27 May 17:51:12 - DB 0: 1 keys (0 volatile) in 4 slots HT.
[5104] 27 May 17:51:12 - 3 clients connected (0 slaves), 817928 bytes in use
[5104] 27 May 17:51:17 - DB 0: 1 keys (0 volatile) in 4 slots HT.
[5104] 27 May 17:51:17 - 3 clients connected (0 slaves), 817928 bytes in use
[5104] 27 May 17:51:22 - DB 0: 1 keys (0 volatile) in 4 slots HT.
[5104] 27 May 17:51:22 - 3 clients connected (0 slaves), 817928 bytes in use
[5104] 27 May 17:51:27 - DB 0: 1 keys (0 volatile) in 4 slots HT.
[5104] 27 May 17:51:27 - 3 clients connected (0 slaves), 817928 bytes in use
[5104] 27 May 17:51:27 - Accepted 127.0.0.1:55938
[5104] 27 May 17:51:27 - Client closed connection
[5104] 27 May 17:51:32 - DB 0: 1 keys (0 volatile) in 4 slots HT.
[5104] 27 May 17:51:32 - 3 clients connected (0 slaves), 818432 bytes in use
[5104] 27 May 17:51:37 - DB 0: 1 keys (0 volatile) in 4 slots HT.
[5104] 27 May 17:51:37 - 3 clients connected (0 slaves), 818432 bytes in use
[5104] 27 May 17:51:39 - Accepted 127.0.0.1:55942
[5104] 27 May 17:51:39 - Client closed connection
[5104] 27 May 17:51:42 - DB 0: 1 keys (0 volatile) in 4 slots HT.
[5104] 27 May 17:51:42 - 3 clients connected (0 slaves), 818936 bytes in use
[5104] 27 May 17:51:47 - DB 0: 1 keys (0 volatile) in 4 slots HT.
[5104] 27 May 17:51:47 - 3 clients connected (0 slaves), 818936 bytes in use
[5104] 27 May 17:51:52 - DB 0: 1 keys (0 volatile) in 4 slots HT.
[5104] 27 May 17:51:52 - 3 clients connected (0 slaves), 818936 bytes in use
[5104] 27 May 17:51:57 - DB 0: 1 keys (0 volatile) in 4 slots HT.
[5104] 27 May 17:51:57 - 3 clients connected (0 slaves), 818936 bytes in use
[5104] 27 May 17:52:02 - DB 0: 1 keys (0 volatile) in 4 slots HT.
[5104] 27 May 17:52:02 - 3 clients connected (0 slaves), 818936 bytes in use
[5104] 27 May 17:52:07 - DB 0: 1 keys (0 volatile) in 4 slots HT.
[5104] 27 May 17:52:07 - 3 clients connected (0 slaves), 818936 bytes in use
[5104] 27 May 17:52:12 - DB 0: 1 keys (0 volatile) in 4 slots HT.
[5104] 27 May 17:52:12 - 3 clients connected (0 slaves), 818936 bytes in use
[5104] 27 May 17:52:18 - DB 0: 1 keys (0 volatile) in 4 slots HT.
[5104] 27 May 17:52:18 - 3 clients connected (0 slaves), 818936 bytes in use
[5104] 27 May 17:52:23 - DB 0: 1 keys (0 volatile) in 4 slots HT.
[5104] 27 May 17:52:23 - 3 clients connected (0 slaves), 818936 bytes in use
[5104] 27 May 17:52:25 - Accepted 127.0.0.1:55946
[5104] 27 May 17:52:25 - Client closed connection
[5104] 27 May 17:52:28 - DB 0: 1 keys (0 volatile) in 4 slots HT.
[5104] 27 May 17:52:28 - 3 clients connected (0 slaves), 819440 bytes in use
[5104] 27 May 17:52:33 - DB 0: 1 keys (0 volatile) in 4 slots HT.
[5104] 27 May 17:52:33 - 3 clients connected (0 slaves), 819440 bytes in use
[5104] 27 May 17:52:38 - DB 0: 1 keys (0 volatile) in 4 slots HT.
[5104] 27 May 17:52:38 - 3 clients connected (0 slaves), 819440 bytes in use
[5104] 27 May 17:52:43 - DB 0: 1 keys (0 volatile) in 4 slots HT.
[5104] 27 May 17:52:43 - 3 clients connected (0 slaves), 819440 bytes in use
[5104] 27 May 17:52:48 - DB 0: 1 keys (0 volatile) in 4 slots HT.
[5104] 27 May 17:52:48 - 3 clients connected (0 slaves), 819440 bytes in use
[5104] 27 May 17:52:53 - DB 0: 1 keys (0 volatile) in 4 slots HT.
[5104] 27 May 17:52:53 - 3 clients connected (0 slaves), 819440 bytes in use
[5104] 27 May 17:52:56 - Accepted 127.0.0.1:55950
[5104] 27 May 17:52:56 - Client closed connection
[5104] 27 May 17:52:58 - DB 0: 1 keys (0 volatile) in 4 slots HT.
[5104] 27 May 17:52:58 - 3 clients connected (0 slaves), 819944 bytes in use
[5104] 27 May 17:53:03 - DB 0: 1 keys (0 volatile) in 4 slots HT.
[5104] 27 May 17:53:03 - 3 clients connected (0 slaves), 819944 bytes in use
[5104] 27 May 17:53:08 - DB 0: 1 keys (0 volatile) in 4 slots HT.
[5104] 27 May 17:53:08 - 3 clients connected (0 slaves), 819944 bytes in use
[5104] 27 May 17:53:13 - DB 0: 1 keys (0 volatile) in 4 slots HT.
[5104] 27 May 17:53:13 - 3 clients connected (0 slaves), 819944 bytes in use
[5104] 27 May 17:53:18 - DB 0: 1 keys (0 volatile) in 4 slots HT.
[5104] 27 May 17:53:18 - 3 clients connected (0 slaves), 819944 bytes in use
[5104] 27 May 17:53:23 - DB 0: 1 keys (0 volatile) in 4 slots HT.
[5104] 27 May 17:53:23 - 3 clients connected (0 slaves), 819944 bytes in use
[5104] 27 May 17:53:25 - Accepted 127.0.0.1:55954
[5104] 27 May 17:53:28 - 4 clients connected (0 slaves), 825208 bytes in use
[5104] 27 May 17:53:30 - Client closed connection
[5104] 27 May 17:53:33 - 3 clients connected (0 slaves), 816816 bytes in use
[5104] 27 May 17:53:34 - Accepted 127.0.0.1:55958
[5104] 27 May 17:53:37 - Client closed connection
[5104] 27 May 17:53:38 - 3 clients connected (0 slaves), 816816 bytes in use
[5104] 27 May 17:53:42 - Accepted 127.0.0.1:55962
[5104] 27 May 17:53:43 - 4 clients connected (0 slaves), 825208 bytes in use
[5104] 27 May 17:53:48 - 4 clients connected (0 slaves), 825208 bytes in use
[5104] 27 May 17:53:53 - 4 clients connected (0 slaves), 825208 bytes in use
[5104] 27 May 17:53:58 - 4 clients connected (0 slaves), 825208 bytes in use
[5104] 27 May 17:54:03 - 4 clients connected (0 slaves), 825208 bytes in use
[5104] 27 May 17:54:08 - 4 clients connected (0 slaves), 825208 bytes in use
[5104] 27 May 17:54:13 - 4 clients connected (0 slaves), 825208 bytes in use
[5104] 27 May 17:54:19 - 4 clients connected (0 slaves), 825208 bytes in use
[5104] 27 May 17:54:24 - 4 clients connected (0 slaves), 825208 bytes in use
[5104] 27 May 17:54:29 - 4 clients connected (0 slaves), 825208 bytes in use
[5104] 27 May 17:54:34 - 4 clients connected (0 slaves), 825208 bytes in use
[5104] 27 May 17:54:39 - 4 clients connected (0 slaves), 825208 bytes in use
[5104] 27 May 17:54:44 - 4 clients connected (0 slaves), 825208 bytes in use
[5104] 27 May 17:54:49 - 4 clients connected (0 slaves), 825208 bytes in use
[5104] 27 May 17:54:54 - 4 clients connected (0 slaves), 825208 bytes in use
[5104] 27 May 17:54:59 - 4 clients connected (0 slaves), 825208 bytes in use
[5104] 27 May 17:55:04 - 4 clients connected (0 slaves), 825208 bytes in use
[5104] 27 May 17:55:09 - 4 clients connected (0 slaves), 825208 bytes in use
[5104] 27 May 17:55:14 - 4 clients connected (0 slaves), 825208 bytes in use
[5104] 27 May 17:55:19 - 4 clients connected (0 slaves), 825208 bytes in use
[5104] 27 May 17:55:24 - 4 clients connected (0 slaves), 825208 bytes in use
[5104] 27 May 17:55:29 - 4 clients connected (0 slaves), 825208 bytes in use
[5104] 27 May 17:55:34 - 4 clients connected (0 slaves), 825208 bytes in use
[5104] 27 May 17:55:39 - 4 clients connected (0 slaves), 825208 bytes in use
[5104] 27 May 17:55:44 - 4 clients connected (0 slaves), 825208 bytes in use
[5104] 27 May 17:55:49 - 4 clients connected (0 slaves), 825208 bytes in use
[5104] 27 May 17:55:54 - 4 clients connected (0 slaves), 825208 bytes in use
[5104] 27 May 17:55:59 - 4 clients connected (0 slaves), 825208 bytes in use
[5104] 27 May 17:56:04 - 4 clients connected (0 slaves), 825208 bytes in use
[5104] 27 May 17:56:09 - 4 clients connected (0 slaves), 825208 bytes in use
[5104] 27 May 17:56:14 - 4 clients connected (0 slaves), 825208 bytes in use
[5104] 27 May 17:56:19 - 4 clients connected (0 slaves), 825208 bytes in use
[5104] 27 May 17:56:24 - 4 clients connected (0 slaves), 825208 bytes in use
[5104] 27 May 17:56:30 - 4 clients connected (0 slaves), 825208 bytes in use
[5104] 27 May 17:56:35 - 4 clients connected (0 slaves), 825208 bytes in use
[5104] 27 May 17:56:40 - 4 clients connected (0 slaves), 825208 bytes in use
[5104] 27 May 17:56:45 - 4 clients connected (0 slaves), 825208 bytes in use
[5104] 27 May 17:56:50 - 4 clients connected (0 slaves), 825208 bytes in use
[5104] 27 May 17:56:55 - 4 clients connected (0 slaves), 825208 bytes in use
[5104] 27 May 17:57:00 - 4 clients connected (0 slaves), 825208 bytes in use
[5104] 27 May 17:57:05 - 4 clients connected (0 slaves), 825208 bytes in use
[5104] 27 May 17:57:10 - 4 clients connected (0 slaves), 825208 bytes in use
[5104] 27 May 17:57:15 - 4 clients connected (0 slaves), 825208 bytes in use
[5104] 27 May 17:57:20 - 4 clients connected (0 slaves), 825208 bytes in use
[5104] 27 May 17:57:25 - 4 clients connected (0 slaves), 825208 bytes in use
[5104] 27 May 17:57:30 - 4 clients connected (0 slaves), 825208 bytes in use
[5104] 27 May 17:57:35 - 4 clients connected (0 slaves), 825208 bytes in use
[5104] 27 May 17:57:40 - 4 clients connected (0 slaves), 825208 bytes in use
[5104] 27 May 17:57:45 - 4 clients connected (0 slaves), 825208 bytes in use
[5104] 27 May 17:57:50 - 4 clients connected (0 slaves), 825208 bytes in use
[5104] 27 May 17:57:55 - 4 clients connected (0 slaves), 825208 bytes in use
[5104] 27 May 17:58:00 - 4 clients connected (0 slaves), 825208 bytes in use
[5104] 27 May 17:58:05 - 4 clients connected (0 slaves), 825208 bytes in use
[5104] 27 May 17:58:10 - 4 clients connected (0 slaves), 825208 bytes in use
[5104] 27 May 17:58:15 - 4 clients connected (0 slaves), 825208 bytes in use
[5104] 27 May 17:58:20 - 4 clients connected (0 slaves), 825208 bytes in use
[5104] 27 May 17:58:25 - 4 clients connected (0 slaves), 825208 bytes in use
[5104] 27 May 17:58:28 - Client closed connection
[5104] 27 May 17:58:30 - 3 clients connected (0 slaves), 816816 bytes in use
[5104] 27 May 17:58:35 - 3 clients connected (0 slaves), 816816 bytes in use
[5104] 27 May 17:58:39 - Accepted 127.0.0.1:55968
[5104] 27 May 17:58:41 - 4 clients connected (0 slaves), 825208 bytes in use
[5104] 27 May 17:58:46 - 4 clients connected (0 slaves), 825208 bytes in use
[5104] 27 May 17:58:51 - 4 clients connected (0 slaves), 825208 bytes in use
[5104] 27 May 17:58:56 - 4 clients connected (0 slaves), 825208 bytes in use
[5104] 27 May 17:59:01 - 4 clients connected (0 slaves), 825208 bytes in use
[5104] 27 May 17:59:06 - 4 clients connected (0 slaves), 825208 bytes in use
[5104] 27 May 17:59:11 - 4 clients connected (0 slaves), 825208 bytes in use
[5104] 27 May 17:59:16 - 4 clients connected (0 slaves), 825208 bytes in use
[5104] 27 May 17:59:21 - 4 clients connected (0 slaves), 825208 bytes in use
[5104] 27 May 17:59:26 - 4 clients connected (0 slaves), 825208 bytes in use
[5104] 27 May 17:59:31 - 4 clients connected (0 slaves), 825208 bytes in use
[5104] 27 May 17:59:36 - 4 clients connected (0 slaves), 825208 bytes in use
[5104] 27 May 17:59:41 - 4 clients connected (0 slaves), 825208 bytes in use
[5104] 27 May 17:59:46 - 4 clients connected (0 slaves), 825208 bytes in use
[5104] 27 May 17:59:51 - 4 clients connected (0 slaves), 825208 bytes in use
[5104] 27 May 17:59:56 - 4 clients connected (0 slaves), 825208 bytes in use
[5104] 27 May 18:00:01 - 4 clients connected (0 slaves), 825208 bytes in use
[5104] 27 May 18:00:06 - 4 clients connected (0 slaves), 825208 bytes in use
[5104] 27 May 18:00:11 - 4 clients connected (0 slaves), 825208 bytes in use
[5104] 27 May 18:00:16 - 4 clients connected (0 slaves), 825208 bytes in use
[5104] 27 May 18:00:21 - 4 clients connected (0 slaves), 825208 bytes in use
[5104] 27 May 18:00:26 - 4 clients connected (0 slaves), 825208 bytes in use
[5104] 27 May 18:00:31 - 4 clients connected (0 slaves), 825208 bytes in use
[5104] 27 May 18:00:36 - 4 clients connected (0 slaves), 825208 bytes in use
[5104] 27 May 18:00:41 - 4 clients connected (0 slaves), 825208 bytes in use
[5104] 27 May 18:00:47 - 4 clients connected (0 slaves), 825208 bytes in use
[5104] 27 May 18:00:52 - 4 clients connected (0 slaves), 825208 bytes in use
[5104] 27 May 18:00:57 - 4 clients connected (0 slaves), 825208 bytes in use
[5104] 27 May 18:01:02 - 4 clients connected (0 slaves), 825208 bytes in use
[5104] 27 May 18:01:07 - 4 clients connected (0 slaves), 825208 bytes in use
[5104] 27 May 18:01:12 - 4 clients connected (0 slaves), 825208 bytes in use
[5104] 27 May 18:01:17 - 4 clients connected (0 slaves), 825208 bytes in use
[5104] 27 May 18:01:22 - 4 clients connected (0 slaves), 825208 bytes in use
[5104] 27 May 18:01:27 - 4 clients connected (0 slaves), 825208 bytes in use
[5104] 27 May 18:01:32 - 4 clients connected (0 slaves), 825208 bytes in use
[5104] 27 May 18:01:37 - 4 clients connected (0 slaves), 825208 bytes in use
[5104] 27 May 18:01:42 - 4 clients connected (0 slaves), 825208 bytes in use
[5104] 27 May 18:01:47 - 4 clients connected (0 slaves), 825208 bytes in use
[5104] 27 May 18:01:52 - 4 clients connected (0 slaves), 825208 bytes in use
[5104] 27 May 18:01:57 - 4 clients connected (0 slaves), 825208 bytes in use
[5104] 27 May 18:02:02 - 4 clients connected (0 slaves), 825208 bytes in use
[5104] 27 May 18:02:07 - 4 clients connected (0 slaves), 825208 bytes in use
[5104] 27 May 18:02:12 - 4 clients connected (0 slaves), 825208 bytes in use
[5104] 27 May 18:02:17 - 4 clients connected (0 slaves), 825208 bytes in use
[5104] 27 May 18:02:22 - 4 clients connected (0 slaves), 825208 bytes in use
[5104] 27 May 18:02:27 - 4 clients connected (0 slaves), 825208 bytes in use
[5104] 27 May 18:02:32 - 4 clients connected (0 slaves), 825208 bytes in use
[5104] 27 May 18:02:37 - 4 clients connected (0 slaves), 825208 bytes in use
[5104] 27 May 18:02:42 - 4 clients connected (0 slaves), 825208 bytes in use
[5104] 27 May 18:02:47 - 4 clients connected (0 slaves), 825208 bytes in use
[5104] 27 May 18:02:52 - Client closed connection
[5104] 27 May 18:02:52 - 3 clients connected (0 slaves), 816816 bytes in use
[5104] 27 May 18:02:57 - 3 clients connected (0 slaves), 816816 bytes in use
[5104] 27 May 18:03:00 - Accepted 127.0.0.1:55974
[5104] 27 May 18:03:03 - 4 clients connected (0 slaves), 824992 bytes in use
[5104] 27 May 18:03:08 - 4 clients connected (0 slaves), 824992 bytes in use
[5104] 27 May 18:03:13 - 4 clients connected (0 slaves), 824992 bytes in use
[5104] 27 May 18:03:18 - 4 clients connected (0 slaves), 824992 bytes in use
[5104] 27 May 18:03:23 - 4 clients connected (0 slaves), 824992 bytes in use
[5104] 27 May 18:03:28 - 4 clients connected (0 slaves), 824992 bytes in use
[5104] 27 May 18:03:33 - 4 clients connected (0 slaves), 824992 bytes in use
[5104] 27 May 18:03:38 - 4 clients connected (0 slaves), 824992 bytes in use
[5104] 27 May 18:03:43 - 4 clients connected (0 slaves), 824992 bytes in use
[5104] 27 May 18:03:48 - 4 clients connected (0 slaves), 824992 bytes in use
[5104] 27 May 18:03:53 - 4 clients connected (0 slaves), 824992 bytes in use
[5104] 27 May 18:03:58 - 4 clients connected (0 slaves), 824992 bytes in use
[5104] 27 May 18:04:03 - 4 clients connected (0 slaves), 824992 bytes in use
[5104] 27 May 18:04:08 - 4 clients connected (0 slaves), 824992 bytes in use
[5104] 27 May 18:04:13 - 4 clients connected (0 slaves), 824992 bytes in use
[5104] 27 May 18:04:18 - 4 clients connected (0 slaves), 824992 bytes in use
[5104] 27 May 18:04:23 - 4 clients connected (0 slaves), 824992 bytes in use
[5104] 27 May 18:04:28 - 4 clients connected (0 slaves), 824992 bytes in use
[5104] 27 May 18:04:33 - 4 clients connected (0 slaves), 824992 bytes in use
[5104] 27 May 18:04:38 - 4 clients connected (0 slaves), 824992 bytes in use
[5104] 27 May 18:04:43 - 4 clients connected (0 slaves), 824992 bytes in use
[5104] 27 May 18:04:48 - 4 clients connected (0 slaves), 824992 bytes in use
[5104] 27 May 18:04:53 - 4 clients connected (0 slaves), 824992 bytes in use
[5104] 27 May 18:04:58 - 4 clients connected (0 slaves), 824992 bytes in use
[5104] 27 May 18:05:03 - 4 clients connected (0 slaves), 824992 bytes in use
[5104] 27 May 18:05:08 - 4 clients connected (0 slaves), 824992 bytes in use
[5104] 27 May 18:05:13 - 4 clients connected (0 slaves), 824992 bytes in use
[5104] 27 May 18:05:18 - 4 clients connected (0 slaves), 824992 bytes in use
[5104] 27 May 18:05:23 - 4 clients connected (0 slaves), 824992 bytes in use
[5104] 27 May 18:05:28 - 4 clients connected (0 slaves), 824992 bytes in use
[5104] 27 May 18:05:33 - 4 clients connected (0 slaves), 824992 bytes in use
[5104] 27 May 18:05:38 - 4 clients connected (0 slaves), 824992 bytes in use
[5104] 27 May 18:05:43 - 4 clients connected (0 slaves), 824992 bytes in use
[5104] 27 May 18:05:48 - 4 clients connected (0 slaves), 824992 bytes in use
[5104] 27 May 18:05:53 - 4 clients connected (0 slaves), 824992 bytes in use
[5104] 27 May 18:05:58 - 4 clients connected (0 slaves), 824992 bytes in use
[5104] 27 May 18:06:03 - 4 clients connected (0 slaves), 824992 bytes in use
[5104] 27 May 18:06:08 - 4 clients connected (0 slaves), 824992 bytes in use
[5104] 27 May 18:06:13 - 4 clients connected (0 slaves), 824992 bytes in use
[5104] 27 May 18:06:18 - 4 clients connected (0 slaves), 824992 bytes in use
[5104] 27 May 18:06:23 - 4 clients connected (0 slaves), 824992 bytes in use
[5104] 27 May 18:06:28 - 4 clients connected (0 slaves), 824992 bytes in use
[5104] 27 May 18:06:33 - 4 clients connected (0 slaves), 824992 bytes in use
[5104] 27 May 18:06:38 - 4 clients connected (0 slaves), 824992 bytes in use
[5104] 27 May 18:06:43 - 4 clients connected (0 slaves), 824992 bytes in use
[5104] 27 May 18:06:48 - 4 clients connected (0 slaves), 824992 bytes in use
[5104] 27 May 18:06:53 - 4 clients connected (0 slaves), 824992 bytes in use
[5104] 27 May 18:06:58 - 4 clients connected (0 slaves), 824992 bytes in use
[5104] 27 May 18:07:03 - 4 clients connected (0 slaves), 824992 bytes in use
[5104] 27 May 18:07:08 - 4 clients connected (0 slaves), 824992 bytes in use
[5104] 27 May 18:07:13 - 4 clients connected (0 slaves), 824992 bytes in use
[5104] 27 May 18:07:18 - 4 clients connected (0 slaves), 824992 bytes in use
[5104] 27 May 18:07:23 - 4 clients connected (0 slaves), 824992 bytes in use
[5104] 27 May 18:07:28 - 4 clients connected (0 slaves), 824992 bytes in use
[5104] 27 May 18:07:33 - 4 clients connected (0 slaves), 824992 bytes in use
[5104] 27 May 18:07:38 - 4 clients connected (0 slaves), 824992 bytes in use
[5104] 27 May 18:07:43 - 4 clients connected (0 slaves), 824992 bytes in use
[5104] 27 May 18:07:48 - 4 clients connected (0 slaves), 824992 bytes in use
[5104] 27 May 18:07:53 - 4 clients connected (0 slaves), 824992 bytes in use
[5104] 27 May 18:07:58 - 4 clients connected (0 slaves), 824992 bytes in use
[5104] 27 May 18:08:03 - 4 clients connected (0 slaves), 824992 bytes in use
[5104] 27 May 18:08:08 - 4 clients connected (0 slaves), 824992 bytes in use
[5104] 27 May 18:08:13 - 4 clients connected (0 slaves), 824992 bytes in use
[5104] 27 May 18:08:18 - 4 clients connected (0 slaves), 824992 bytes in use
[5104] 27 May 18:08:18 - Closing idle client
[5104] 27 May 18:08:18 - Closing idle client
[5104] 27 May 18:08:23 - 2 clients connected (0 slaves), 807184 bytes in use
[5104] 27 May 18:08:28 - 2 clients connected (0 slaves), 807184 bytes in use
[5104] 27 May 18:08:33 - 2 clients connected (0 slaves), 807184 bytes in use
[5104] 27 May 18:08:38 - 2 clients connected (0 slaves), 807184 bytes in use
[5104] 27 May 18:08:43 - 2 clients connected (0 slaves), 807184 bytes in use
[5104] 27 May 18:08:48 - 2 clients connected (0 slaves), 807184 bytes in use
[5104] 27 May 18:08:53 - 2 clients connected (0 slaves), 807184 bytes in use
[5104] 27 May 18:08:58 - 2 clients connected (0 slaves), 807184 bytes in use
[5104] 27 May 18:09:03 - 2 clients connected (0 slaves), 807184 bytes in use
[5104] 27 May 18:09:08 - 2 clients connected (0 slaves), 807184 bytes in use
[5104] 27 May 18:09:13 - 2 clients connected (0 slaves), 807184 bytes in use
[5104] 27 May 18:09:18 - 2 clients connected (0 slaves), 807184 bytes in use
[5104] 27 May 18:09:23 - 2 clients connected (0 slaves), 807184 bytes in use
[5104] 27 May 18:09:28 - 2 clients connected (0 slaves), 807184 bytes in use
[5104] 27 May 18:09:33 - 2 clients connected (0 slaves), 807184 bytes in use
[5104] 27 May 18:09:38 - 2 clients connected (0 slaves), 807184 bytes in use
[5104] 27 May 18:09:43 - 2 clients connected (0 slaves), 807184 bytes in use
[5104] 27 May 18:09:48 - 2 clients connected (0 slaves), 807184 bytes in use
[5104] 27 May 18:09:53 - 2 clients connected (0 slaves), 807184 bytes in use
[5104] 27 May 18:09:58 - 2 clients connected (0 slaves), 807184 bytes in use
[5104] 27 May 18:10:03 - 2 clients connected (0 slaves), 807184 bytes in use
[5104] 27 May 18:10:08 - 2 clients connected (0 slaves), 807184 bytes in use
[5104] 27 May 18:10:13 - 2 clients connected (0 slaves), 807184 bytes in use
[5104] 27 May 18:10:18 - 2 clients connected (0 slaves), 807184 bytes in use
[5104] 27 May 18:10:23 - 2 clients connected (0 slaves), 807184 bytes in use
[5104] 27 May 18:10:28 - 2 clients connected (0 slaves), 807184 bytes in use
[5104] 27 May 18:10:33 - 2 clients connected (0 slaves), 807184 bytes in use
[5104] 27 May 18:10:38 - 2 clients connected (0 slaves), 807184 bytes in use
[5104] 27 May 18:10:43 - 2 clients connected (0 slaves), 807184 bytes in use
[5104] 27 May 18:10:48 - 2 clients connected (0 slaves), 807184 bytes in use
[5104] 27 May 18:10:53 - 2 clients connected (0 slaves), 807184 bytes in use
[5104] 27 May 18:10:58 - 2 clients connected (0 slaves), 807184 bytes in use
[5104] 27 May 18:11:03 - 2 clients connected (0 slaves), 807184 bytes in use
[5104] 27 May 18:11:08 - 2 clients connected (0 slaves), 807184 bytes in use
[5104] 27 May 18:11:13 - 2 clients connected (0 slaves), 807184 bytes in use
[5104] 27 May 18:11:18 - 2 clients connected (0 slaves), 807184 bytes in use
[5104] 27 May 18:11:23 - 2 clients connected (0 slaves), 807184 bytes in use
[5104] 27 May 18:11:28 - 2 clients connected (0 slaves), 807184 bytes in use
[5104] 27 May 18:11:33 - 2 clients connected (0 slaves), 807184 bytes in use
[5104] 27 May 18:11:38 - 2 clients connected (0 slaves), 807184 bytes in use
[5104] 27 May 18:11:43 - 2 clients connected (0 slaves), 807184 bytes in use
[5104] 27 May 18:11:48 - 2 clients connected (0 slaves), 807184 bytes in use
[5104] 27 May 18:11:53 - 2 clients connected (0 slaves), 807184 bytes in use
[5104] 27 May 18:11:58 - 2 clients connected (0 slaves), 807184 bytes in use
[5104] 27 May 18:12:03 - 2 clients connected (0 slaves), 807184 bytes in use
[5104] 27 May 18:12:08 - 2 clients connected (0 slaves), 807184 bytes in use
[5104] 27 May 18:12:13 - 2 clients connected (0 slaves), 807184 bytes in use
[5104] 27 May 18:12:18 - 2 clients connected (0 slaves), 807184 bytes in use
[5104] 27 May 18:12:23 - 2 clients connected (0 slaves), 807184 bytes in use
[5104] 27 May 18:12:28 - 2 clients connected (0 slaves), 807184 bytes in use
[5104] 27 May 18:12:33 - 2 clients connected (0 slaves), 807184 bytes in use
[5104] 27 May 18:12:38 - 2 clients connected (0 slaves), 807184 bytes in use
[5104] 27 May 18:12:43 - 2 clients connected (0 slaves), 807184 bytes in use
[5104] 27 May 18:12:48 - 2 clients connected (0 slaves), 807184 bytes in use
[5104] 27 May 18:12:53 - 2 clients connected (0 slaves), 807184 bytes in use
[5104] 27 May 18:12:58 - 2 clients connected (0 slaves), 807184 bytes in use
[5104] 27 May 18:13:03 - 2 clients connected (0 slaves), 807184 bytes in use
[5104] 27 May 18:13:08 - 2 clients connected (0 slaves), 807184 bytes in use
[5104] 27 May 18:13:13 - 2 clients connected (0 slaves), 807184 bytes in use
[5104] 27 May 18:13:18 - 2 clients connected (0 slaves), 807184 bytes in use
[5104] 27 May 18:13:23 - 2 clients connected (0 slaves), 807184 bytes in use
[5104] 27 May 18:13:28 - 2 clients connected (0 slaves), 807184 bytes in use
[5104] 27 May 18:13:33 - 2 clients connected (0 slaves), 807184 bytes in use
[5104] 27 May 18:13:38 - 2 clients connected (0 slaves), 807184 bytes in use
[5104] 27 May 18:13:43 - 2 clients connected (0 slaves), 807184 bytes in use
[5104] 27 May 18:13:48 - 2 clients connected (0 slaves), 807184 bytes in use
[5104] 27 May 18:13:53 - 2 clients connected (0 slaves), 807184 bytes in use
[5104] 27 May 18:13:58 - 2 clients connected (0 slaves), 807184 bytes in use
[5104] 27 May 18:14:03 - 2 clients connected (0 slaves), 807184 bytes in use
[5104] 27 May 18:14:08 - 2 clients connected (0 slaves), 807184 bytes in use
[5104] 27 May 18:14:13 - 2 clients connected (0 slaves), 807184 bytes in use
[5104] 27 May 18:14:18 - 2 clients connected (0 slaves), 807184 bytes in use
[5104] 27 May 18:14:23 - 2 clients connected (0 slaves), 807184 bytes in use
[5104] 27 May 18:14:28 - 2 clients connected (0 slaves), 807184 bytes in use
[5104] 27 May 18:14:33 - 2 clients connected (0 slaves), 807184 bytes in use
[5104] 27 May 18:14:38 - 2 clients connected (0 slaves), 807184 bytes in use
[5104] 27 May 18:14:43 - 2 clients connected (0 slaves), 807184 bytes in use
[5104] 27 May 18:14:48 - 2 clients connected (0 slaves), 807184 bytes in use
[5104] 27 May 18:14:53 - 2 clients connected (0 slaves), 807184 bytes in use
[5104] 27 May 18:14:58 - 2 clients connected (0 slaves), 807184 bytes in use
[5104] 27 May 18:15:03 - 2 clients connected (0 slaves), 807184 bytes in use
[5104] 27 May 18:15:08 - 2 clients connected (0 slaves), 807184 bytes in use
[5104] 27 May 18:15:13 - 2 clients connected (0 slaves), 807184 bytes in use
[5104] 27 May 18:15:18 - 2 clients connected (0 slaves), 807184 bytes in use
[5104] 27 May 18:15:23 - 2 clients connected (0 slaves), 807184 bytes in use
[5104] 27 May 18:15:28 - 2 clients connected (0 slaves), 807184 bytes in use
[5104] 27 May 18:15:33 - 2 clients connected (0 slaves), 807184 bytes in use
[5104] 27 May 18:15:38 - 2 clients connected (0 slaves), 807184 bytes in use
[5104] 27 May 18:15:43 - 2 clients connected (0 slaves), 807184 bytes in use
[5104] 27 May 18:15:48 - 2 clients connected (0 slaves), 807184 bytes in use
[5104] 27 May 18:15:53 - 2 clients connected (0 slaves), 807184 bytes in use
[5104] 27 May 18:15:58 - 2 clients connected (0 slaves), 807184 bytes in use
[5104] 27 May 18:16:03 - 2 clients connected (0 slaves), 807184 bytes in use
[5104] 27 May 18:16:08 - 2 clients connected (0 slaves), 807184 bytes in use
[5104] 27 May 18:16:13 - 2 clients connected (0 slaves), 807184 bytes in use
[5104] 27 May 18:16:15 - Accepted 127.0.0.1:56000
[5104] 27 May 18:16:15 - Accepted 127.0.0.1:56004
[5104] 27 May 18:16:18 - 4 clients connected (0 slaves), 825000 bytes in use
[5104] 27 May 18:16:23 - 4 clients connected (0 slaves), 825000 bytes in use
[5104] 27 May 18:16:28 - 4 clients connected (0 slaves), 825000 bytes in use
[5104] 27 May 18:16:33 - 4 clients connected (0 slaves), 825000 bytes in use
[5104] 27 May 18:16:38 - 4 clients connected (0 slaves), 825000 bytes in use
[5104] 27 May 18:16:43 - 4 clients connected (0 slaves), 825000 bytes in use
[5104] 27 May 18:16:48 - 4 clients connected (0 slaves), 825000 bytes in use
[5104] 27 May 18:16:53 - 4 clients connected (0 slaves), 825000 bytes in use
[5104] 27 May 18:16:58 - 4 clients connected (0 slaves), 825000 bytes in use
[5104] 27 May 18:17:03 - 4 clients connected (0 slaves), 825000 bytes in use
[5104] 27 May 18:17:08 - 4 clients connected (0 slaves), 825000 bytes in use
[5104] 27 May 18:17:13 - 4 clients connected (0 slaves), 825000 bytes in use
[5104] 27 May 18:17:18 - 4 clients connected (0 slaves), 825000 bytes in use
[5104] 27 May 18:17:23 - 4 clients connected (0 slaves), 825000 bytes in use
[5104] 27 May 18:17:28 - 4 clients connected (0 slaves), 825000 bytes in use
[5104] 27 May 18:17:33 - 4 clients connected (0 slaves), 825000 bytes in use
[5104] 27 May 18:17:38 - 4 clients connected (0 slaves), 825000 bytes in use
[5104] 27 May 18:17:43 - 4 clients connected (0 slaves), 825000 bytes in use
[5104] 27 May 18:17:48 - 4 clients connected (0 slaves), 825000 bytes in use
[5104] 27 May 18:17:53 - 4 clients connected (0 slaves), 825000 bytes in use
[5104] 27 May 18:17:58 - 4 clients connected (0 slaves), 825000 bytes in use
[5104] 27 May 18:18:03 - 4 clients connected (0 slaves), 825000 bytes in use
[5104] 27 May 18:18:08 - 4 clients connected (0 slaves), 825000 bytes in use
[5104] 27 May 18:18:13 - 4 clients connected (0 slaves), 825000 bytes in use
[5104] 27 May 18:18:18 - 4 clients connected (0 slaves), 825000 bytes in use
[5104] 27 May 18:18:23 - 4 clients connected (0 slaves), 825000 bytes in use
[5104] 27 May 18:18:28 - 4 clients connected (0 slaves), 825000 bytes in use
[5104] 27 May 18:18:33 - 4 clients connected (0 slaves), 825000 bytes in use
[5104] 27 May 18:18:38 - 4 clients connected (0 slaves), 825000 bytes in use
[5104] 27 May 18:18:43 - 4 clients connected (0 slaves), 825000 bytes in use
[5104] 27 May 18:18:48 - 4 clients connected (0 slaves), 825000 bytes in use
[5104] 27 May 18:18:53 - 4 clients connected (0 slaves), 825000 bytes in use
[5104] 27 May 18:18:58 - 4 clients connected (0 slaves), 825000 bytes in use
[5104] 27 May 18:19:03 - 4 clients connected (0 slaves), 825000 bytes in use
[5104] 27 May 18:19:08 - 4 clients connected (0 slaves), 825000 bytes in use
[5104] 27 May 18:19:13 - 4 clients connected (0 slaves), 825000 bytes in use
[5104] 27 May 18:19:18 - 4 clients connected (0 slaves), 825000 bytes in use
[5104] 27 May 18:19:23 - 4 clients connected (0 slaves), 825000 bytes in use
[5104] 27 May 18:19:28 - 4 clients connected (0 slaves), 825000 bytes in use
[5104] 27 May 18:19:33 - 4 clients connected (0 slaves), 825000 bytes in use
[5104] 27 May 18:19:38 - 4 clients connected (0 slaves), 825000 bytes in use
[5104] 27 May 18:19:43 - 4 clients connected (0 slaves), 825000 bytes in use
[5104] 27 May 18:19:48 - 4 clients connected (0 slaves), 825000 bytes in use
[5104] 27 May 18:19:53 - 4 clients connected (0 slaves), 825000 bytes in use
[5104] 27 May 18:19:58 - 4 clients connected (0 slaves), 825000 bytes in use
[5104] 27 May 18:20:03 - 4 clients connected (0 slaves), 825000 bytes in use
[5104] 27 May 18:20:08 - 4 clients connected (0 slaves), 825000 bytes in use
[5104] 27 May 18:20:13 - 4 clients connected (0 slaves), 825000 bytes in use
[5104] 27 May 18:20:18 - 4 clients connected (0 slaves), 825000 bytes in use
[5104] 27 May 18:20:23 - 4 clients connected (0 slaves), 825000 bytes in use
[5104] 27 May 18:20:28 - 4 clients connected (0 slaves), 825000 bytes in use
[5104] 27 May 18:20:33 - 4 clients connected (0 slaves), 825000 bytes in use
[5104] 27 May 18:20:38 - 4 clients connected (0 slaves), 825000 bytes in use
[5104] 27 May 18:20:43 - 4 clients connected (0 slaves), 825000 bytes in use
[5104] 27 May 18:20:48 - 4 clients connected (0 slaves), 825000 bytes in use
[5104] 27 May 18:20:53 - 4 clients connected (0 slaves), 825000 bytes in use
[5104] 27 May 18:20:58 - 4 clients connected (0 slaves), 825000 bytes in use
[5104] 27 May 18:21:03 - 4 clients connected (0 slaves), 825000 bytes in use
[5104] 27 May 18:21:08 - 4 clients connected (0 slaves), 825000 bytes in use
[5104] 27 May 18:21:13 - 4 clients connected (0 slaves), 825000 bytes in use
[5104] 27 May 18:21:18 - 4 clients connected (0 slaves), 825000 bytes in use
[5104] 27 May 18:21:23 - 4 clients connected (0 slaves), 825000 bytes in use
[5104] 27 May 18:21:28 - 4 clients connected (0 slaves), 825000 bytes in use
[5104] 27 May 18:21:28 - Closing idle client
[5104] 27 May 18:21:28 - Closing idle client
[5104] 27 May 18:21:33 - 2 clients connected (0 slaves), 807184 bytes in use
[5104] 27 May 18:21:38 - 2 clients connected (0 slaves), 807184 bytes in use
[5104] 27 May 18:21:43 - 2 clients connected (0 slaves), 807184 bytes in use
[5104] 27 May 18:21:48 - 2 clients connected (0 slaves), 807184 bytes in use
[5104] 27 May 18:21:53 - 2 clients connected (0 slaves), 807184 bytes in use
[5104] 27 May 18:21:58 - 2 clients connected (0 slaves), 807184 bytes in use
[5104] 27 May 18:22:03 - 2 clients connected (0 slaves), 807184 bytes in use
[5104] 27 May 18:22:08 - 2 clients connected (0 slaves), 807184 bytes in use
[5104] 27 May 18:22:13 - 2 clients connected (0 slaves), 807184 bytes in use
[5104] 27 May 18:22:18 - 2 clients connected (0 slaves), 807184 bytes in use
[5104] 27 May 18:22:23 - 2 clients connected (0 slaves), 807184 bytes in use
[5104] 27 May 18:22:28 - 2 clients connected (0 slaves), 807184 bytes in use
[5104] 27 May 18:22:33 - 2 clients connected (0 slaves), 807184 bytes in use
[5104] 27 May 18:22:38 - 2 clients connected (0 slaves), 807184 bytes in use
[5104] 27 May 18:22:43 - 2 clients connected (0 slaves), 807184 bytes in use
[5104] 27 May 18:22:48 - 2 clients connected (0 slaves), 807184 bytes in use
[5104] 27 May 18:22:53 - 2 clients connected (0 slaves), 807184 bytes in use
[5104] 27 May 18:22:58 - 2 clients connected (0 slaves), 807184 bytes in use
[5104] 27 May 18:23:03 - 2 clients connected (0 slaves), 807184 bytes in use
[5104] 27 May 18:23:08 - 2 clients connected (0 slaves), 807184 bytes in use
[5104] 27 May 18:23:13 - 2 clients connected (0 slaves), 807184 bytes in use
[5104] 27 May 18:23:18 - 2 clients connected (0 slaves), 807184 bytes in use
[5104] 27 May 18:23:23 - 2 clients connected (0 slaves), 807184 bytes in use
[5104] 27 May 18:23:28 - 2 clients connected (0 slaves), 807184 bytes in use
[5104] 27 May 18:23:33 - 2 clients connected (0 slaves), 807184 bytes in use
[5104] 27 May 18:23:38 - 2 clients connected (0 slaves), 807184 bytes in use
[5104] 27 May 18:23:43 - 2 clients connected (0 slaves), 807184 bytes in use
[5104] 27 May 18:23:48 - 2 clients connected (0 slaves), 807184 bytes in use
[5104] 27 May 18:23:53 - 2 clients connected (0 slaves), 807184 bytes in use
[5104] 27 May 18:23:58 - 2 clients connected (0 slaves), 807184 bytes in use
[5104] 27 May 18:24:03 - 2 clients connected (0 slaves), 807184 bytes in use
[5104] 27 May 18:24:08 - 2 clients connected (0 slaves), 807184 bytes in use
[5104] 27 May 18:24:13 - 2 clients connected (0 slaves), 807184 bytes in use
[5104] 27 May 18:24:18 - 2 clients connected (0 slaves), 807184 bytes in use
[5104] 27 May 18:24:23 - 2 clients connected (0 slaves), 807184 bytes in use
[5104] 27 May 18:24:28 - 2 clients connected (0 slaves), 807184 bytes in use
[5104] 27 May 18:24:33 - 2 clients connected (0 slaves), 807184 bytes in use
[5104] 27 May 18:24:38 - 2 clients connected (0 slaves), 807184 bytes in use
[5104] 27 May 18:24:43 - 2 clients connected (0 slaves), 807184 bytes in use
[5104] 27 May 18:24:48 - 2 clients connected (0 slaves), 807184 bytes in use
[5104] 27 May 18:24:53 - 2 clients connected (0 slaves), 807184 bytes in use
[5104] 27 May 18:24:58 - 2 clients connected (0 slaves), 807184 bytes in use
[5104] 27 May 18:25:03 - 2 clients connected (0 slaves), 807184 bytes in use
[5104] 27 May 18:25:08 - 2 clients connected (0 slaves), 807184 bytes in use
[5104] 27 May 18:25:13 - 2 clients connected (0 slaves), 807184 bytes in use
[5104] 27 May 18:25:18 - 2 clients connected (0 slaves), 807184 bytes in use
[5104] 27 May 18:25:23 - 2 clients connected (0 slaves), 807184 bytes in use
[5104] 27 May 18:25:28 - 2 clients connected (0 slaves), 807184 bytes in use
[5104] 27 May 18:25:33 - 2 clients connected (0 slaves), 807184 bytes in use
[5104] 27 May 18:25:38 - 2 clients connected (0 slaves), 807184 bytes in use
[5104] 27 May 18:25:43 - 2 clients connected (0 slaves), 807184 bytes in use
[5104] 27 May 18:25:48 - 2 clients connected (0 slaves), 807184 bytes in use
[5104] 27 May 18:25:53 - 2 clients connected (0 slaves), 807184 bytes in use
[5104] 27 May 18:25:58 - 2 clients connected (0 slaves), 807184 bytes in use
[5104] 27 May 18:26:03 - 2 clients connected (0 slaves), 807184 bytes in use
[5104] 27 May 18:26:08 - 2 clients connected (0 slaves), 807184 bytes in use
[5104] 27 May 18:26:13 - 2 clients connected (0 slaves), 807184 bytes in use
[5104] 27 May 18:26:18 - 2 clients connected (0 slaves), 807184 bytes in use
[5104] 27 May 18:26:23 - 2 clients connected (0 slaves), 807184 bytes in use
[5104] 27 May 18:26:28 - 2 clients connected (0 slaves), 807184 bytes in use
[5104] 27 May 18:26:33 - 2 clients connected (0 slaves), 807184 bytes in use
[5104] 27 May 18:26:38 - 2 clients connected (0 slaves), 807184 bytes in use
[5104] 27 May 18:26:43 - 2 clients connected (0 slaves), 807184 bytes in use
[5104] 27 May 18:26:48 - 2 clients connected (0 slaves), 807184 bytes in use
[5104] 27 May 18:26:53 - 2 clients connected (0 slaves), 807184 bytes in use
[5104] 27 May 18:26:58 - 2 clients connected (0 slaves), 807184 bytes in use
[5104] 27 May 18:27:03 - 2 clients connected (0 slaves), 807184 bytes in use
[5104] 27 May 18:27:08 - 2 clients connected (0 slaves), 807184 bytes in use
[5104] 27 May 18:27:13 - 2 clients connected (0 slaves), 807184 bytes in use
[5104] 27 May 18:27:18 - 2 clients connected (0 slaves), 807184 bytes in use
[5104] 27 May 18:27:23 - 2 clients connected (0 slaves), 807184 bytes in use
[5104] 27 May 18:27:28 - 2 clients connected (0 slaves), 807184 bytes in use
[5104] 27 May 18:27:33 - 2 clients connected (0 slaves), 807184 bytes in use
[5104] 27 May 18:27:38 - 2 clients connected (0 slaves), 807184 bytes in use
[5104] 27 May 18:27:43 - 2 clients connected (0 slaves), 807184 bytes in use
[5104] 27 May 18:27:48 - 2 clients connected (0 slaves), 807184 bytes in use
[5104] 27 May 18:27:53 - 2 clients connected (0 slaves), 807184 bytes in use
[5104] 27 May 18:27:58 - 2 clients connected (0 slaves), 807184 bytes in use
[5104] 27 May 18:28:03 - 2 clients connected (0 slaves), 807184 bytes in use
[5104] 27 May 18:28:08 - 2 clients connected (0 slaves), 807184 bytes in use
[5104] 27 May 18:28:13 - 2 clients connected (0 slaves), 807184 bytes in use
[5104] 27 May 18:28:18 - 2 clients connected (0 slaves), 807184 bytes in use
[5104] 27 May 18:28:23 - 2 clients connected (0 slaves), 807184 bytes in use
[5104] 27 May 18:28:28 - 2 clients connected (0 slaves), 807184 bytes in use
[5104] 27 May 18:28:33 - 2 clients connected (0 slaves), 807184 bytes in use
[5104] 27 May 18:28:38 - 2 clients connected (0 slaves), 807184 bytes in use
[5104] 27 May 18:28:43 - 2 clients connected (0 slaves), 807184 bytes in use
[5104] 27 May 18:28:48 - 2 clients connected (0 slaves), 807184 bytes in use
[5104] 27 May 18:28:53 - 2 clients connected (0 slaves), 807184 bytes in use
[5104] 27 May 18:28:58 - 2 clients connected (0 slaves), 807184 bytes in use
[5104] 27 May 18:29:03 - 2 clients connected (0 slaves), 807184 bytes in use
[5104] 27 May 18:29:08 - 2 clients connected (0 slaves), 807184 bytes in use
[5104] 27 May 18:29:13 - 2 clients connected (0 slaves), 807184 bytes in use
[5104] 27 May 18:29:18 - 2 clients connected (0 slaves), 807184 bytes in use
[5104] 27 May 18:29:23 - 2 clients connected (0 slaves), 807184 bytes in use
[5104] 27 May 18:29:28 - 2 clients connected (0 slaves), 807184 bytes in use
[5104] 27 May 18:29:33 - 2 clients connected (0 slaves), 807184 bytes in use
[5104] 27 May 18:29:38 - 2 clients connected (0 slaves), 807184 bytes in use
[5104] 27 May 18:29:43 - 2 clients connected (0 slaves), 807184 bytes in use
[5104] 27 May 18:29:48 - 2 clients connected (0 slaves), 807184 bytes in use
[5104] 27 May 18:29:53 - 2 clients connected (0 slaves), 807184 bytes in use
[5104] 27 May 18:29:58 - 2 clients connected (0 slaves), 807184 bytes in use
[5104] 27 May 18:30:03 - 2 clients connected (0 slaves), 807184 bytes in use
[5104] 27 May 18:30:08 - 2 clients connected (0 slaves), 807184 bytes in use
[5104] 27 May 18:30:13 - 2 clients connected (0 slaves), 807184 bytes in use
[5104] 27 May 18:30:18 - 2 clients connected (0 slaves), 807184 bytes in use
[5104] 27 May 18:30:23 - 2 clients connected (0 slaves), 807184 bytes in use
[5104] 27 May 18:30:28 - 2 clients connected (0 slaves), 807184 bytes in use
[5104] 27 May 18:30:33 - 2 clients connected (0 slaves), 807184 bytes in use
[5104] 27 May 18:30:38 - 2 clients connected (0 slaves), 807184 bytes in use
[5104] 27 May 18:30:43 - 2 clients connected (0 slaves), 807184 bytes in use
[5104] 27 May 18:30:48 - 2 clients connected (0 slaves), 807184 bytes in use
[5104] 27 May 18:30:53 - 2 clients connected (0 slaves), 807184 bytes in use
[5104] 27 May 18:30:58 - 2 clients connected (0 slaves), 807184 bytes in use
[5104] 27 May 18:31:03 - 2 clients connected (0 slaves), 807184 bytes in use
[5104] 27 May 18:31:08 - 2 clients connected (0 slaves), 807184 bytes in use
[5104] 27 May 18:31:13 - 2 clients connected (0 slaves), 807184 bytes in use
[5104] 27 May 18:31:18 - 2 clients connected (0 slaves), 807184 bytes in use
[5104] 27 May 18:31:23 - 2 clients connected (0 slaves), 807184 bytes in use
[5104] 27 May 18:31:28 - 2 clients connected (0 slaves), 807184 bytes in use
[5104] 27 May 18:31:33 - 2 clients connected (0 slaves), 807184 bytes in use
[5104] 27 May 18:31:38 - 2 clients connected (0 slaves), 807184 bytes in use
[5104] 27 May 18:31:43 - 2 clients connected (0 slaves), 807184 bytes in use
[5104] 27 May 18:31:48 - 2 clients connected (0 slaves), 807184 bytes in use
[5104] 27 May 18:31:53 - 2 clients connected (0 slaves), 807184 bytes in use
[5104] 27 May 18:31:58 - 2 clients connected (0 slaves), 807184 bytes in use
[5104] 27 May 18:32:03 - 2 clients connected (0 slaves), 807184 bytes in use
[5104] 27 May 18:32:08 - 2 clients connected (0 slaves), 807184 bytes in use
[5104] 27 May 18:32:13 - 2 clients connected (0 slaves), 807184 bytes in use
[5104] 27 May 18:32:18 - 2 clients connected (0 slaves), 807184 bytes in use
[5104] 27 May 18:32:23 - 2 clients connected (0 slaves), 807184 bytes in use
[5104] 27 May 18:32:28 - 2 clients connected (0 slaves), 807184 bytes in use
[5104] 27 May 18:32:33 - 2 clients connected (0 slaves), 807184 bytes in use
[5104] 27 May 18:32:38 - 2 clients connected (0 slaves), 807184 bytes in use
[5104] 27 May 18:32:43 - 2 clients connected (0 slaves), 807184 bytes in use
[5104] 27 May 18:32:48 - 2 clients connected (0 slaves), 807184 bytes in use
[5104] 27 May 18:32:53 - 2 clients connected (0 slaves), 807184 bytes in use
[5104] 27 May 18:32:58 - 2 clients connected (0 slaves), 807184 bytes in use
[5104] 27 May 18:33:03 - 2 clients connected (0 slaves), 807184 bytes in use
[5104] 27 May 18:33:08 - 2 clients connected (0 slaves), 807184 bytes in use
[5104] 27 May 18:33:13 - 2 clients connected (0 slaves), 807184 bytes in use
[5104] 27 May 18:33:18 - 2 clients connected (0 slaves), 807184 bytes in use
[5104] 27 May 18:33:23 - 2 clients connected (0 slaves), 807184 bytes in use
[5104] 27 May 18:33:28 - 2 clients connected (0 slaves), 807184 bytes in use
[5104] 27 May 18:33:33 - 2 clients connected (0 slaves), 807184 bytes in use
[5104] 27 May 18:33:38 - 2 clients connected (0 slaves), 807184 bytes in use
[5104] 27 May 18:33:43 - 2 clients connected (0 slaves), 807184 bytes in use
[5104] 27 May 18:33:48 - 2 clients connected (0 slaves), 807184 bytes in use
[5104] 27 May 18:33:53 - 2 clients connected (0 slaves), 807184 bytes in use
[5104] 27 May 18:33:58 - 2 clients connected (0 slaves), 807184 bytes in use
[5104] 27 May 18:34:03 - 2 clients connected (0 slaves), 807184 bytes in use
[5104] 27 May 18:34:08 - 2 clients connected (0 slaves), 807184 bytes in use
[5104] 27 May 18:34:13 - 2 clients connected (0 slaves), 807184 bytes in use
[5104] 27 May 18:34:18 - 2 clients connected (0 slaves), 807184 bytes in use
[5104] 27 May 18:34:23 - 2 clients connected (0 slaves), 807184 bytes in use
[5104] 27 May 18:34:28 - 2 clients connected (0 slaves), 807184 bytes in use
[5104] 27 May 18:34:33 - 2 clients connected (0 slaves), 807184 bytes in use
[5104] 27 May 18:34:38 - 2 clients connected (0 slaves), 807184 bytes in use
[5104] 27 May 18:34:43 - 2 clients connected (0 slaves), 807184 bytes in use
[5104] 27 May 18:34:48 - 2 clients connected (0 slaves), 807184 bytes in use
[5104] 27 May 18:34:53 - 2 clients connected (0 slaves), 807184 bytes in use
[5104] 27 May 18:34:58 - 2 clients connected (0 slaves), 807184 bytes in use
[5104] 27 May 18:35:03 - 2 clients connected (0 slaves), 807184 bytes in use
[5104] 27 May 18:35:08 - 2 clients connected (0 slaves), 807184 bytes in use
[5104] 27 May 18:35:13 - 2 clients connected (0 slaves), 807184 bytes in use
[5104] 27 May 18:35:18 - 2 clients connected (0 slaves), 807184 bytes in use
[5104] 27 May 18:35:23 - 2 clients connected (0 slaves), 807184 bytes in use
[5104] 27 May 18:35:28 - 2 clients connected (0 slaves), 807184 bytes in use
[5104] 27 May 18:35:33 - 2 clients connected (0 slaves), 807184 bytes in use
[5104] 27 May 18:35:38 - 2 clients connected (0 slaves), 807184 bytes in use
[5104] 27 May 18:35:43 - 2 clients connected (0 slaves), 807184 bytes in use
[5104] 27 May 18:35:48 - 2 clients connected (0 slaves), 807184 bytes in use
[5104] 27 May 18:35:53 - 2 clients connected (0 slaves), 807184 bytes in use
[5104] 27 May 18:35:58 - 2 clients connected (0 slaves), 807184 bytes in use
[5104] 27 May 18:36:03 - 2 clients connected (0 slaves), 807184 bytes in use
[5104] 27 May 18:36:08 - 2 clients connected (0 slaves), 807184 bytes in use
[5104] 27 May 18:36:13 - 2 clients connected (0 slaves), 807184 bytes in use
[5104] 27 May 18:36:18 - 2 clients connected (0 slaves), 807184 bytes in use
[5104] 27 May 18:36:23 - 2 clients connected (0 slaves), 807184 bytes in use
[5104] 27 May 18:36:28 - 2 clients connected (0 slaves), 807184 bytes in use
[5104] 27 May 18:36:33 - 2 clients connected (0 slaves), 807184 bytes in use
[5104] 27 May 18:36:38 - 2 clients connected (0 slaves), 807184 bytes in use
[5104] 27 May 18:36:43 - 2 clients connected (0 slaves), 807184 bytes in use
[5104] 27 May 18:36:48 - 2 clients connected (0 slaves), 807184 bytes in use
[5104] 27 May 18:36:53 - 2 clients connected (0 slaves), 807184 bytes in use
[5104] 27 May 18:36:58 - 2 clients connected (0 slaves), 807184 bytes in use
[5104] 27 May 18:37:03 - 2 clients connected (0 slaves), 807184 bytes in use
[5104] 27 May 18:37:08 - 2 clients connected (0 slaves), 807184 bytes in use
[5104] 27 May 18:37:13 - 2 clients connected (0 slaves), 807184 bytes in use
[5104] 27 May 18:37:18 - 2 clients connected (0 slaves), 807184 bytes in use
[5104] 27 May 18:37:23 - 2 clients connected (0 slaves), 807184 bytes in use
[5104] 27 May 18:37:28 - 2 clients connected (0 slaves), 807184 bytes in use
[5104] 27 May 18:37:33 - 2 clients connected (0 slaves), 807184 bytes in use
[5104] 27 May 18:37:38 - 2 clients connected (0 slaves), 807184 bytes in use
[5104] 27 May 18:37:43 - 2 clients connected (0 slaves), 807184 bytes in use
[5104] 27 May 18:37:48 - 2 clients connected (0 slaves), 807184 bytes in use
[5104] 27 May 18:37:53 - 2 clients connected (0 slaves), 807184 bytes in use
[5104] 27 May 18:37:58 - 2 clients connected (0 slaves), 807184 bytes in use
[5104] 27 May 18:38:03 - 2 clients connected (0 slaves), 807184 bytes in use
[5104] 27 May 18:38:08 - 2 clients connected (0 slaves), 807184 bytes in use
[5104] 27 May 18:38:13 - 2 clients connected (0 slaves), 807184 bytes in use
[5104] 27 May 18:38:18 - 2 clients connected (0 slaves), 807184 bytes in use
[5104] 27 May 18:38:23 - 2 clients connected (0 slaves), 807184 bytes in use
[5104] 27 May 18:38:28 - 2 clients connected (0 slaves), 807184 bytes in use
[5104] 27 May 18:38:33 - 2 clients connected (0 slaves), 807184 bytes in use
[5104] 27 May 18:38:38 - 2 clients connected (0 slaves), 807184 bytes in use
[5104] 27 May 18:38:43 - 2 clients connected (0 slaves), 807184 bytes in use
[5104] 27 May 18:38:48 - 2 clients connected (0 slaves), 807184 bytes in use
[5104] 27 May 18:38:53 - 2 clients connected (0 slaves), 807184 bytes in use
[5104] 27 May 18:38:58 - 2 clients connected (0 slaves), 807184 bytes in use
[5104] 27 May 18:39:03 - 2 clients connected (0 slaves), 807184 bytes in use
[5104] 27 May 18:39:08 - 2 clients connected (0 slaves), 807184 bytes in use
[5104] 27 May 18:39:13 - 2 clients connected (0 slaves), 807184 bytes in use
[5104] 27 May 18:39:18 - 2 clients connected (0 slaves), 807184 bytes in use
[5104] 27 May 18:39:23 - 2 clients connected (0 slaves), 807184 bytes in use
[5104] 27 May 18:39:28 - 2 clients connected (0 slaves), 807184 bytes in use
[5104] 27 May 18:39:33 - 2 clients connected (0 slaves), 807184 bytes in use
[5104] 27 May 18:39:38 - 2 clients connected (0 slaves), 807184 bytes in use
[5104] 27 May 18:39:43 - 2 clients connected (0 slaves), 807184 bytes in use
[5104] 27 May 18:39:48 - 2 clients connected (0 slaves), 807184 bytes in use
[5104] 27 May 18:39:53 - 2 clients connected (0 slaves), 807184 bytes in use
[5104] 27 May 18:39:58 - 2 clients connected (0 slaves), 807184 bytes in use
[5104] 27 May 18:40:03 - 2 clients connected (0 slaves), 807184 bytes in use
[5104] 27 May 18:40:08 - 2 clients connected (0 slaves), 807184 bytes in use
[5104] 27 May 18:40:13 - 2 clients connected (0 slaves), 807184 bytes in use
[5104] 27 May 18:40:18 - 2 clients connected (0 slaves), 807184 bytes in use
[5104] 27 May 18:40:23 - 2 clients connected (0 slaves), 807184 bytes in use
[5104] 27 May 18:40:28 - 2 clients connected (0 slaves), 807184 bytes in use
[5104] 27 May 18:40:33 - 2 clients connected (0 slaves), 807184 bytes in use
[5104] 27 May 18:40:38 - 2 clients connected (0 slaves), 807184 bytes in use
[5104] 27 May 18:40:43 - 2 clients connected (0 slaves), 807184 bytes in use
[5104] 27 May 18:40:48 - 2 clients connected (0 slaves), 807184 bytes in use
[5104] 27 May 18:40:53 - 2 clients connected (0 slaves), 807184 bytes in use
[5104] 27 May 18:40:58 - 2 clients connected (0 slaves), 807184 bytes in use
[5104] 27 May 18:41:03 - 2 clients connected (0 slaves), 807184 bytes in use
[5104] 27 May 18:41:08 - 2 clients connected (0 slaves), 807184 bytes in use
[5104] 27 May 18:41:13 - 2 clients connected (0 slaves), 807184 bytes in use
[5104] 27 May 18:41:18 - 2 clients connected (0 slaves), 807184 bytes in use
[5104] 27 May 18:41:23 - 2 clients connected (0 slaves), 807184 bytes in use
[5104] 27 May 18:41:28 - 2 clients connected (0 slaves), 807184 bytes in use
[5104] 27 May 18:41:33 - 2 clients connected (0 slaves), 807184 bytes in use
[5104] 27 May 18:41:38 - 2 clients connected (0 slaves), 807184 bytes in use
[5104] 27 May 18:41:43 - 2 clients connected (0 slaves), 807184 bytes in use
[5104] 27 May 18:41:48 - 2 clients connected (0 slaves), 807184 bytes in use
[5104] 27 May 18:41:53 - 2 clients connected (0 slaves), 807184 bytes in use
[5104] 27 May 18:41:58 - 2 clients connected (0 slaves), 807184 bytes in use
[5104] 27 May 18:42:03 - 2 clients connected (0 slaves), 807184 bytes in use
[5104] 27 May 18:42:08 - 2 clients connected (0 slaves), 807184 bytes in use
[5104] 27 May 18:42:13 - 2 clients connected (0 slaves), 807184 bytes in use
[5104] 27 May 18:42:18 - 2 clients connected (0 slaves), 807184 bytes in use
[5104] 27 May 18:42:23 - 2 clients connected (0 slaves), 807184 bytes in use
[5104] 27 May 18:42:28 - 2 clients connected (0 slaves), 807184 bytes in use
[5104] 27 May 18:42:33 - 2 clients connected (0 slaves), 807184 bytes in use
[5104] 27 May 18:42:38 - 2 clients connected (0 slaves), 807184 bytes in use
[5104] 27 May 18:42:43 - 2 clients connected (0 slaves), 807184 bytes in use
[5104] 27 May 18:42:48 - 2 clients connected (0 slaves), 807184 bytes in use
[5104] 27 May 18:42:53 - 2 clients connected (0 slaves), 807184 bytes in use
[5104] 27 May 18:42:58 - 2 clients connected (0 slaves), 807184 bytes in use
[5104] 27 May 18:43:00 * 1 changes in 3600 seconds. Saving...
[5104] 27 May 18:43:00 * Background saving started by pid 8374
[8374] 27 May 18:43:00 * DB saved on disk
[5104] 27 May 18:43:00 * Background saving terminated with success
[5104] 27 May 18:43:03 - 2 clients connected (0 slaves), 807184 bytes in use
[5104] 27 May 18:43:08 - 2 clients connected (0 slaves), 807184 bytes in use
[5104] 27 May 18:43:13 - 2 clients connected (0 slaves), 807184 bytes in use
[5104] 27 May 18:43:18 - 2 clients connected (0 slaves), 807184 bytes in use
[5104] 27 May 18:43:23 - 2 clients connected (0 slaves), 807184 bytes in use
[5104] 27 May 18:43:28 - 2 clients connected (0 slaves), 807184 bytes in use
[5104] 27 May 18:43:33 - 2 clients connected (0 slaves), 807184 bytes in use
[5104] 27 May 18:43:38 - 2 clients connected (0 slaves), 807184 bytes in use
[5104] 27 May 18:43:43 - 2 clients connected (0 slaves), 807184 bytes in use
[5104] 27 May 18:43:48 - 2 clients connected (0 slaves), 807184 bytes in use
[5104] 27 May 18:43:53 - 2 clients connected (0 slaves), 807184 bytes in use
[5104] 27 May 18:43:58 - 2 clients connected (0 slaves), 807184 bytes in use
[5104] 27 May 18:44:03 - 2 clients connected (0 slaves), 807184 bytes in use
[5104] 27 May 18:44:08 - 2 clients connected (0 slaves), 807184 bytes in use
[5104] 27 May 18:44:13 - 2 clients connected (0 slaves), 807184 bytes in use
[5104] 27 May 18:44:18 - 2 clients connected (0 slaves), 807184 bytes in use
[5104] 27 May 18:44:23 - 2 clients connected (0 slaves), 807184 bytes in use
[5104] 27 May 18:44:28 - 2 clients connected (0 slaves), 807184 bytes in use
[5104] 27 May 18:44:33 - 2 clients connected (0 slaves), 807184 bytes in use
[5104] 27 May 18:44:38 - 2 clients connected (0 slaves), 807184 bytes in use
[5104] 27 May 18:44:43 - 2 clients connected (0 slaves), 807184 bytes in use
[5104] 27 May 18:44:48 - 2 clients connected (0 slaves), 807184 bytes in use
[5104] 27 May 18:44:53 - 2 clients connected (0 slaves), 807184 bytes in use
[5104] 27 May 18:44:58 - 2 clients connected (0 slaves), 807184 bytes in use
[5104] 27 May 18:45:03 - 2 clients connected (0 slaves), 807184 bytes in use
[5104] 27 May 18:45:08 - 2 clients connected (0 slaves), 807184 bytes in use
[5104] 27 May 18:45:13 - 2 clients connected (0 slaves), 807184 bytes in use
[5104] 27 May 18:45:18 - 2 clients connected (0 slaves), 807184 bytes in use
[5104] 27 May 18:45:23 - 2 clients connected (0 slaves), 807184 bytes in use
[5104] 27 May 18:45:28 - 2 clients connected (0 slaves), 807184 bytes in use
[5104] 27 May 18:45:33 - 2 clients connected (0 slaves), 807184 bytes in use
[5104] 27 May 18:45:38 - 2 clients connected (0 slaves), 807184 bytes in use
[5104] 27 May 18:45:43 - 2 clients connected (0 slaves), 807184 bytes in use
[5104] 27 May 18:45:48 - 2 clients connected (0 slaves), 807184 bytes in use
[5104] 27 May 18:45:53 - 2 clients connected (0 slaves), 807184 bytes in use
[5104] 27 May 18:45:58 - 2 clients connected (0 slaves), 807184 bytes in use
[5104] 27 May 18:46:03 - 2 clients connected (0 slaves), 807184 bytes in use
[5104] 27 May 18:46:08 - 2 clients connected (0 slaves), 807184 bytes in use
[5104] 27 May 18:46:13 - 2 clients connected (0 slaves), 807184 bytes in use
[5104] 27 May 18:46:18 - 2 clients connected (0 slaves), 807184 bytes in use
[5104] 27 May 18:46:23 - 2 clients connected (0 slaves), 807184 bytes in use
[5104] 27 May 18:46:28 - 2 clients connected (0 slaves), 807184 bytes in use
[5104] 27 May 18:46:33 - 2 clients connected (0 slaves), 807184 bytes in use
[5104] 27 May 18:46:38 - 2 clients connected (0 slaves), 807184 bytes in use
[5104] 27 May 18:46:43 - 2 clients connected (0 slaves), 807184 bytes in use
[5104] 27 May 18:46:48 - 2 clients connected (0 slaves), 807184 bytes in use
[5104] 27 May 18:46:53 - 2 clients connected (0 slaves), 807184 bytes in use
[5104] 27 May 18:46:58 - 2 clients connected (0 slaves), 807184 bytes in use
[5104] 27 May 18:47:03 - 2 clients connected (0 slaves), 807184 bytes in use
[5104] 27 May 18:47:08 - 2 clients connected (0 slaves), 807184 bytes in use
[5104] 27 May 18:47:13 - 2 clients connected (0 slaves), 807184 bytes in use
[5104] 27 May 18:47:18 - 2 clients connected (0 slaves), 807184 bytes in use
[5104] 27 May 18:47:23 - 2 clients connected (0 slaves), 807184 bytes in use
[5104] 27 May 18:47:28 - 2 clients connected (0 slaves), 807184 bytes in use
[5104] 27 May 18:47:33 - 2 clients connected (0 slaves), 807184 bytes in use
[5104] 27 May 18:47:38 - 2 clients connected (0 slaves), 807184 bytes in use
[5104] 27 May 18:47:43 - 2 clients connected (0 slaves), 807184 bytes in use
[5104] 27 May 18:47:48 - 2 clients connected (0 slaves), 807184 bytes in use
[5104] 27 May 18:47:52 # Received SIGTERM, scheduling shutdown...
[5104] 27 May 18:47:52 - Reading from client: Connection reset by peer
[5104] 27 May 18:47:52 # User requested shutdown, saving DB...
[5104] 27 May 18:47:52 * DB saved on disk
[5104] 27 May 18:47:52 # Server exit now, bye bye...
