Array
(
    [consignee] => wangyw3@ifeng.com
    [title] => xx系统-应用错误告警
    [content] => localhost 2017-05-25 10:24:41 [122.111.111.111] [error] [Interface:http://sina.com/order/getinfo] [ExecTime:6s] return:{code:0,msg:success,data:{}}

)
Array
(
    [consignee] => wangyw3@ifeng.com
    [title] => xx系统-应用错误告警
    [content] => localhost 2017-05-25 10:25:38 [122.111.111.111] [error] [Interface:http://sina.com/order/getinfo] [ExecTime:6s] return:{code:0,msg:success,data:{}}

)
Array
(
    [consignee] => wangyw3@ifeng.com
    [title] => xx系统-应用错误告警
    [content] => localhost 2017-05-25 14:44:56 [122.111.111.111] [error] [Interface:http://sina.com/order/getinfo] [ExecTime:6s] return:{code:0,msg:success,data:{}}

)

Fatal error: Cannot use object of type Redis as array in /home/wwwroot/log_monitor/mailCron.php on line 17
Array
(
    [consignee] => wangyw3@ifeng.com
    [title] => 微信系统-应用错误告警
    [content] => localhost 2017-05-25 14:48:49 [122.111.111.111] [error] [Interface:http://sina.com/order/getinfo] [ExecTime:6s] return:{code:0,msg:success,data:{}}

)
请按配置文件指定系统名称！Array
(
    [consignee] => wangyw3@ifeng.com
    [title] => 微信系统-接口异常
    [content] => localhost [25-May-2017 14:56:16 PRC] PHP Parse error:  syntax error, unexpected '1' (T_LNUMBER), expecting variable (T_VARIABLE) or '$' in /home/wwwroot/comment/CommentWeb/wwwroot/index.php on line 5

)
Array
(
    [consignee] => wangyw3@ifeng.com
    [title] => 微信系统-PHP_ERR
    [content] => localhost [25-May-2017 15:08:10 PRC] PHP Notice:  Undefined variable: a in /home/wwwroot/comment/CommentWeb/wwwroot/index.php on line 4

)
Array
(
    [consignee] => wangyw3@ifeng.com
    [title] => 微信系统-应用错误告警
    [content] => localhost 2017-05-25 15:08:10 [122.111.111.111] [error] [Interface:http://sina.com/order/getinfo] [ExecTime:6s] return:{code:0,msg:success,data:{}}

)
Array
(
    [consignee] => wangyw3@ifeng.com
    [title] => 微信系统-PHP_ERR
    [content] => localhost [25-May-2017 15:10:26 PRC] PHP Notice:  Undefined variable: a in /home/wwwroot/comment/CommentWeb/wwwroot/index.php on line 4

)
Array
(
    [consignee] => wangyw3@ifeng.com
    [title] => 微信系统-PHP_ERR
    [content] => localhost [25-May-2017 15:27:15 PRC] PHP Notice:  Undefined variable: a in /home/wwwroot/comment/CommentWeb/wwwroot/index.php on line 4

)
Array
(
    [consignee] => wangyw3@ifeng.com
    [title] => 微信系统-PHP_ERR
    [content] => tail: /tmp/logstash_all.log：文件已截断

)
Array
(
    [consignee] => wangyw3@ifeng.com
    [title] => 微信系统-PHP_ERR
    [content] => localhost [25-May-2017 15:27:31 PRC] PHP Notice:  Undefined variable: a in /home/wwwroot/comment/CommentWeb/wwwroot/index.php on line 4

)
Array
(
    [consignee] => wangyw3@ifeng.com
    [title] => 微信系统-接口异常
    [content] => localhost [25-May-2017 15:48:54 PRC] PHP Parse error:  syntax error, unexpected '1' (T_LNUMBER), expecting variable (T_VARIABLE) or '$' in /home/wwwroot/comment/CommentWeb/wwwroot/index.php on line 5

    [time] => 2017-05-25 15:48:54
)

Notice: Undefined variable: smtpObj in /home/wwwroot/log_monitor/mailCron.php on line 27

Notice: Undefined variable: smtp in /home/wwwroot/log_monitor/mailCron.php on line 37

Fatal error: Call to a member function from() on null in /home/wwwroot/log_monitor/mailCron.php on line 37
Array
(
    [consignee] => wangyw3@ifeng.com
    [title] => 微信系统-接口异常
    [content] => localhost [25-May-2017 15:48:54 PRC] PHP Fatal error:  Call to a member function from() on null in /home/wwwroot/log_monitor/mailCron.php on line 37

    [time] => 2017-05-25 15:50:29
)
Array
(
    [consignee] => wangyw3@ifeng.com
    [title] => 微信系统-接口异常
    [content] => localhost [25-May-2017 15:50:40 PRC] PHP Parse error:  syntax error, unexpected '1' (T_LNUMBER), expecting variable (T_VARIABLE) or '$' in /home/wwwroot/comment/CommentWeb/wwwroot/index.php on line 5

    [time] => 2017-05-25 15:50:40
)
Array
(
    [consignee] => wangyw3@ifeng.com
    [title] => 微信系统-接口异常
    [content] => localhost [25-May-2017 15:54:26 PRC] PHP Parse error:  syntax error, unexpected '1' (T_LNUMBER), expecting variable (T_VARIABLE) or '$' in /home/wwwroot/comment/CommentWeb/wwwroot/index.php on line 5

    [time] => 2017-05-25 15:54:27
)
Array
(
    [consignee] => wangyw3@ifeng.com
    [title] => 微信系统-接口异常
    [content] => localhost [25-May-2017 15:55:40 PRC] PHP Parse error:  syntax error, unexpected '1' (T_LNUMBER), expecting variable (T_VARIABLE) or '$' in /home/wwwroot/comment/CommentWeb/wwwroot/index.php on line 5

    [time] => 2017-05-25 15:55:41
)
Array
(
    [consignee] => wangyw3@ifeng.com
    [title] => 微信系统-接口异常
    [content] => localhost [25-May-2017 15:56:14 PRC] PHP Parse error:  syntax error, unexpected '1' (T_LNUMBER), expecting variable (T_VARIABLE) or '$' in /home/wwwroot/comment/CommentWeb/wwwroot/index.php on line 5

    [time] => 2017-05-25 15:56:15
)
Array
(
    [consignee] => wangyw3@ifeng.com
    [title] => 微信系统-接口异常
    [content] => localhost [25-May-2017 15:57:56 PRC] PHP Parse error:  syntax error, unexpected '1' (T_LNUMBER), expecting variable (T_VARIABLE) or '$' in /home/wwwroot/comment/CommentWeb/wwwroot/index.php on line 5

    [time] => 2017-05-25 15:57:57
)
Array
(
    [consignee] => wangyw3@ifeng.com
    [title] => 微信系统-接口异常
    [content] => localhost [25-May-2017 15:59:50 PRC] PHP Parse error:  syntax error, unexpected '1' (T_LNUMBER), expecting variable (T_VARIABLE) or '$' in /home/wwwroot/comment/CommentWeb/wwwroot/index.php on line 5

    [time] => 2017-05-25 15:59:51
)
Array
(
    [consignee] => wangyw3@ifeng.com
    [title] => 微信系统-接口异常
    [content] => localhost [25-May-2017 16:15:17 PRC] PHP Parse error:  syntax error, unexpected '1' (T_LNUMBER), expecting variable (T_VARIABLE) or '$' in /home/wwwroot/comment/CommentWeb/wwwroot/index.php on line 5

    [time] => 2017-05-25 16:15:18
)
Array
(
    [consignee] => wangyw3@ifeng.com
    [title] => 微信系统-接口异常
    [content] => localhost [25-May-2017 16:15:48 PRC] PHP Parse error:  syntax error, unexpected '1' (T_LNUMBER), expecting variable (T_VARIABLE) or '$' in /home/wwwroot/comment/CommentWeb/wwwroot/index.php on line 5

    [time] => 2017-05-25 16:15:49
)
Array
(
    [consignee] => wangyw3@ifeng.com
    [title] => 微信系统-接口异常
    [content] => {"path":"/var/log/php_error.log","@timestamp":"2017-05-25T09:29:18.068Z","@version":"1","host":"localhost","message":"[25-May-2017 17:29:17 PRC] PHP Parse error:  syntax error, unexpected '1' (T_LNUMBER), expecting variable (T_VARIABLE) or '$' in /home/wwwroot/comment/CommentWeb/wwwroot/index.php on line 5","type":"php_err"}

    [time] => 2017-05-25 17:29:22
)
Array
(
    [consignee] => wangyw3@ifeng.com
    [title] => 微信系统-接口异常
    [content] => {"path":"/var/log/php_error.log","@timestamp":"2017-05-25T09:30:23.690Z","@version":"1","host":"localhost","message":"[25-May-2017 17:30:23 PRC] PHP Parse error:  syntax error, unexpected '1' (T_LNUMBER), expecting variable (T_VARIABLE) or '$' in /home/wwwroot/comment/CommentWeb/wwwroot/index.php on line 5","type":"php_err"}

    [time] => 2017-05-25 17:30:25
)
